<?xml version="1.0" encoding="UTF-8"?>
<testsuite name="MoviesTest" tests="80" skipped="0" failures="0" errors="0" timestamp="2023-03-21T23:08:58" hostname="emu-19" time="0.068">
  <properties/>
  <testcase name="testAddProductionCompanyNeg()" classname="MoviesTest" time="0.012"/>
  <testcase name="testAddProductionCompanyPos()" classname="MoviesTest" time="0.001"/>
  <testcase name="testAddProductionCountryNeg()" classname="MoviesTest" time="0.001"/>
  <testcase name="testAddProductionCountryPos()" classname="MoviesTest" time="0.001"/>
  <testcase name="testAddToCollectionNeg()" classname="MoviesTest" time="0.001"/>
  <testcase name="testAddToCollectionPos()" classname="MoviesTest" time="0.001"/>
  <testcase name="testAdultPos()" classname="MoviesTest" time="0.001"/>
  <testcase name="testGenreNegID()" classname="MoviesTest" time="0.001"/>
  <testcase name="testGenrePos()" classname="MoviesTest" time="0.002"/>
  <testcase name="testGetAdultAll()" classname="MoviesTest" time="0.001"/>
  <testcase name="testGetAdultNeg()" classname="MoviesTest" time="0.0"/>
  <testcase name="testGetBudgetAll()" classname="MoviesTest" time="0.0"/>
  <testcase name="testGetBudgetNeg()" classname="MoviesTest" time="0.001"/>
  <testcase name="testGetBudgetPos()" classname="MoviesTest" time="0.001"/>
  <testcase name="testGetCollectionBackdropNeg()" classname="MoviesTest" time="0.001"/>
  <testcase name="testGetCollectionBackdropPos()" classname="MoviesTest" time="0.0"/>
  <testcase name="testGetCollectionIDNeg()" classname="MoviesTest" time="0.0"/>
  <testcase name="testGetCollectionIDPos()" classname="MoviesTest" time="0.0"/>
  <testcase name="testGetCollectionNameNeg()" classname="MoviesTest" time="0.001"/>
  <testcase name="testGetCollectionNamePos()" classname="MoviesTest" time="0.001"/>
  <testcase name="testGetCollectionPosterNeg()" classname="MoviesTest" time="0.0"/>
  <testcase name="testGetCollectionPosterPos()" classname="MoviesTest" time="0.001"/>
  <testcase name="testGetGenreAll()" classname="MoviesTest" time="0.001"/>
  <testcase name="testGetHomepageAll()" classname="MoviesTest" time="0.0"/>
  <testcase name="testGetHomepageNeg()" classname="MoviesTest" time="0.0"/>
  <testcase name="testGetHomepagePos()" classname="MoviesTest" time="0.001"/>
  <testcase name="testGetIMDBNeg()" classname="MoviesTest" time="0.0"/>
  <testcase name="testGetIMDBPos()" classname="MoviesTest" time="0.001"/>
  <testcase name="testGetLanguagesMany()" classname="MoviesTest" time="0.0"/>
  <testcase name="testGetLanguagesNeg()" classname="MoviesTest" time="0.0"/>
  <testcase name="testGetLanguagesPos()" classname="MoviesTest" time="0.001"/>
  <testcase name="testGetOriginalLanguageAll()" classname="MoviesTest" time="0.0"/>
  <testcase name="testGetOriginalLanguageNeg()" classname="MoviesTest" time="0.001"/>
  <testcase name="testGetOriginalLanguagePos()" classname="MoviesTest" time="0.0"/>
  <testcase name="testGetOriginalTitleAll()" classname="MoviesTest" time="0.0"/>
  <testcase name="testGetOriginalTitleNeg()" classname="MoviesTest" time="0.001"/>
  <testcase name="testGetOriginalTitlePos()" classname="MoviesTest" time="0.0"/>
  <testcase name="testGetOverviewAll()" classname="MoviesTest" time="0.0"/>
  <testcase name="testGetOverviewNeg()" classname="MoviesTest" time="0.001"/>
  <testcase name="testGetOverviewPos()" classname="MoviesTest" time="0.0"/>
  <testcase name="testGetPosterAll()" classname="MoviesTest" time="0.001"/>
  <testcase name="testGetPosterNeg()" classname="MoviesTest" time="0.001"/>
  <testcase name="testGetPosterPos()" classname="MoviesTest" time="0.0"/>
  <testcase name="testGetProductionCompanyNeg()" classname="MoviesTest" time="0.0"/>
  <testcase name="testGetProductionCompanyPos()" classname="MoviesTest" time="0.001"/>
  <testcase name="testGetProductionCountriesNeg()" classname="MoviesTest" time="0.0"/>
  <testcase name="testGetProductionCountryPos()" classname="MoviesTest" time="0.001"/>
  <testcase name="testGetReleaseAll()" classname="MoviesTest" time="0.0"/>
  <testcase name="testGetReleaseNeg()" classname="MoviesTest" time="0.0"/>
  <testcase name="testGetReleaseNegVal()" classname="MoviesTest" time="0.001"/>
  <testcase name="testGetReleasePos()" classname="MoviesTest" time="0.0"/>
  <testcase name="testGetRevenueAll()" classname="MoviesTest" time="0.001"/>
  <testcase name="testGetRevenueNeg()" classname="MoviesTest" time="0.0"/>
  <testcase name="testGetRevenuePos()" classname="MoviesTest" time="0.0"/>
  <testcase name="testGetRuntimeAll()" classname="MoviesTest" time="0.001"/>
  <testcase name="testGetRuntimeNeg()" classname="MoviesTest" time="0.0"/>
  <testcase name="testGetRuntimePos()" classname="MoviesTest" time="0.001"/>
  <testcase name="testGetStatusAll()" classname="MoviesTest" time="0.0"/>
  <testcase name="testGetStatusNeg()" classname="MoviesTest" time="0.0"/>
  <testcase name="testGetStatusPos()" classname="MoviesTest" time="0.001"/>
  <testcase name="testGetTaglineAll()" classname="MoviesTest" time="0.0"/>
  <testcase name="testGetTaglineNeg()" classname="MoviesTest" time="0.001"/>
  <testcase name="testGetTaglinePos()" classname="MoviesTest" time="0.001"/>
  <testcase name="testGetTitleAll()" classname="MoviesTest" time="0.001"/>
  <testcase name="testGetTitleNeg()" classname="MoviesTest" time="0.0"/>
  <testcase name="testGetTitlePos()" classname="MoviesTest" time="0.001"/>
  <testcase name="testGetVideoAll()" classname="MoviesTest" time="0.0"/>
  <testcase name="testGetVideoNeg()" classname="MoviesTest" time="0.001"/>
  <testcase name="testGetVideoPos()" classname="MoviesTest" time="0.0"/>
  <testcase name="testGetVoteAverageNeg()" classname="MoviesTest" time="0.001"/>
  <testcase name="testGetVoteAveragePos()" classname="MoviesTest" time="0.0"/>
  <testcase name="testGetVoteCountNeg()" classname="MoviesTest" time="0.0"/>
  <testcase name="testGetVoteCountPos()" classname="MoviesTest" time="0.0"/>
  <testcase name="testSetIMDBNeg()" classname="MoviesTest" time="0.0"/>
  <testcase name="testSetIMDBPos()" classname="MoviesTest" time="0.001"/>
  <testcase name="testSetVoteNeg()" classname="MoviesTest" time="0.0"/>
  <testcase name="testSetVotePos()" classname="MoviesTest" time="0.001"/>
  <testcase name="testSize()" classname="MoviesTest" time="0.0"/>
  <testcase name="testfindFilmsNeg()" classname="MoviesTest" time="0.001"/>
  <testcase name="testfindFilmsPos()" classname="MoviesTest" time="0.0"/>
  <system-out><![CDATA[Generating fake data

Starting testAddProductionCompanyNeg...

Starting testAddProductionCompanyPos...

Starting testAddProductionCountryNeg...

Starting testAddProductionCountryPos...

Starting testAddToCollectionNeg...

Starting testAddToCollectionPos...

Starting testAdultPos...

Starting testGenreNeg...

Starting testGenrePos...
0
0
[Lstores.Genre;@3a5bd6e8

Starting testGetAdultAll...

Starting testGetAdultNeg...

Starting testGetBudgetAll...

Starting testGetBudgetNeg...

Starting testGetBudgetPos...
1

Starting testGetCollectionBackdropNeg...

Starting testGetCollectionBackdropPos...

Starting testGetCollectionIDNeg...

Starting testGetCollectionIDPos...

Starting testGetCollectionNameNeg...

Starting testGetCollectionNamePos...

Starting testGetCollectionPosterNeg...

Starting testGetCollectionPosterPos...

Starting testGetGenreAll...

Starting testGetHomepageAll...

Starting testGetHomepageNeg...

Starting testGetHomepagePos...
http://homepage.com/homepage

Starting testGetIMDBNeg...

Starting testGetIMDBPos...

Starting testGetLanguagesMany

Starting testGetLanguagesNeg

Starting testGetLanguagesPos

Starting testGetOriginalLanguageAll...

Starting testGetOriginalLanguageNeg...

Starting testGetOriginalLanguagePos...

Starting testGetOriginalTitleAll...

Starting testGetOriginalTitleNeg...

Starting testGetOriginalTitlePos...

Starting testGetOverviewAll...

Starting testGetOverviewNeg...

Starting testGetOverviewPos...

Starting testGetPosterAll...

Starting testGetPosterNeg...
null

Starting testGetPosterPos...

Starting testGetProductionCompanyNeg...

Starting testGetProductionCompanyPos...

Starting testGetProductionCountriesNeg...

Starting testGetProductionCountryPos...

Starting testGetReleaseAll...

Starting testGetReleaseNeg...

Starting testGetReleaseNeg...

Starting testGetReleasePos...

Starting testGetRevenueAll...

Starting testGetRevenueNeg...

Starting testGetRevenuePos...

Starting testGetRuntimeAll...

Starting testGetRuntimeNeg...

Starting testGetRuntimePos...

Starting testGetStatusAll...

Starting testGetStatusNeg...

Starting testGetStatusPos...

Starting testGetTaglineAll...

Starting testGetTaglineNeg...

Starting testGetTaglinePos...

Starting testGetTitleAll...

Starting testGetTitleNeg...

Starting testGetTitlePos...

Starting testGetVideoAll...

Starting testGetVideoNeg...

Starting testGetVideoPos...

Starting testGetVoteAverageNeg...

Starting testGetVoteAveragePos...

Starting testGetVoteCountNeg...

Starting testGetVoteCountPos...

Starting testSetIMDBNeg...

Starting testGetPosterPos...

Starting testSetVoteNeg...

Starting testSetVotePos...

Starting testSize...

Starting testfindFilmsNeg...

Starting testfindFilmsPos...
]]></system-out>
  <system-err><![CDATA[]]></system-err>
</testsuite>
