<?xml version="1.0" encoding="UTF-8"?>
<testsuite name="CreditsTest" tests="33" skipped="0" failures="0" errors="0" timestamp="2023-03-21T23:08:58" hostname="emu-19" time="0.018">
  <properties/>
  <testcase name="testFindCastNeg()" classname="CreditsTest" time="0.001"/>
  <testcase name="testFindCastPos()" classname="CreditsTest" time="0.0"/>
  <testcase name="testFindCrewNeg()" classname="CreditsTest" time="0.001"/>
  <testcase name="testFindCrewPos()" classname="CreditsTest" time="0.0"/>
  <testcase name="testFindStarCastIDNeg()" classname="CreditsTest" time="0.001"/>
  <testcase name="testFindStarCastIDPos()" classname="CreditsTest" time="0.0"/>
  <testcase name="testFindSuperStarCastIDNeg()" classname="CreditsTest" time="0.001"/>
  <testcase name="testFindSuperStarCastIDPos()" classname="CreditsTest" time="0.001"/>
  <testcase name="testGetCastNameNeg()" classname="CreditsTest" time="0.0"/>
  <testcase name="testGetCastNamePos()" classname="CreditsTest" time="0.0"/>
  <testcase name="testGetCastNeg()" classname="CreditsTest" time="0.0"/>
  <testcase name="testGetCastPos()" classname="CreditsTest" time="0.0"/>
  <testcase name="testGetCrewNameNeg()" classname="CreditsTest" time="0.0"/>
  <testcase name="testGetCrewNamePos()" classname="CreditsTest" time="0.0"/>
  <testcase name="testGetCrewNeg()" classname="CreditsTest" time="0.0"/>
  <testcase name="testGetCrewPos()" classname="CreditsTest" time="0.0"/>
  <testcase name="testGetFilmIDsFromCastIDNeg()" classname="CreditsTest" time="0.0"/>
  <testcase name="testGetFilmIDsFromCastIDPos()" classname="CreditsTest" time="0.0"/>
  <testcase name="testGetFilmIDsFromCrewIDNeg()" classname="CreditsTest" time="0.0"/>
  <testcase name="testGetFilmIDsFromCrewIDPos()" classname="CreditsTest" time="0.0"/>
  <testcase name="testGetFilmIDsNeg()" classname="CreditsTest" time="0.001"/>
  <testcase name="testGetFilmIDsPos()" classname="CreditsTest" time="0.0"/>
  <testcase name="testGetUniqueCastIDsNeg()" classname="CreditsTest" time="0.001"/>
  <testcase name="testGetUniqueCastIDsPos()" classname="CreditsTest" time="0.0"/>
  <testcase name="testGetUniqueCrewIDsNeg()" classname="CreditsTest" time="0.001"/>
  <testcase name="testGetUniqueCrewIDsPos()" classname="CreditsTest" time="0.0"/>
  <testcase name="testRemoveNeg()" classname="CreditsTest" time="0.001"/>
  <testcase name="testRemovePos()" classname="CreditsTest" time="0.0"/>
  <testcase name="testRemovePosValues()" classname="CreditsTest" time="0.0"/>
  <testcase name="testSizeOfCastNeg()" classname="CreditsTest" time="0.0"/>
  <testcase name="testSizeOfCastPos()" classname="CreditsTest" time="0.0"/>
  <testcase name="testSizeOfCrewNeg()" classname="CreditsTest" time="0.0"/>
  <testcase name="testSizeOfCrewPos()" classname="CreditsTest" time="0.0"/>
  <system-out><![CDATA[
Starting testFindCastNeg...

Starting testFindCastPos...

Starting testFindCrewNeg...

Starting testFindCastPos...

Starting testFindStarCastIDNeg...

Starting testFindStarCastIDPos...

Starting testFindSuperStarCastIDNeg...

Starting testFindSuperStarCastIDPos...

Starting testGetCastNameNeg...

Starting testGetCastNamePos...

Starting testGetCastNeg...

Starting testGetCastPos...

Starting testGetCrewNameNeg...

Starting testGetCrewNamePos...

Starting testGetCrewNeg...

Starting testGetCastPos...

Starting testGetFilmIDsFromCastIDNeg...

Starting testGetFilmIDsFromCastIDPos...

Starting testGetFilmIDsFromCrewIDNeg...

Starting testGetFilmIDsFromCrewIDPos...

Starting testGetFilmIDsNeg...

Starting testGetFilmIDsPos...

Starting testGetUniqueCastIDsNeg...

Starting testGetUniqueCastIDsPos...

Starting testGetUniqueCrewIDsNeg...

Starting testGetUniqueCrewIDsPos...

Starting testRemoveNeg...

Starting testRemovePos...

Starting testRemovePosValues...

Starting testSizeOfCastNeg...

Starting testSizeOfCastPos...

Starting testSizeOfCrewNeg...

Starting testSizeOfCrewPos...
]]></system-out>
  <system-err><![CDATA[]]></system-err>
</testsuite>
